LXT2 info: dumpfile wave.lxt2 opened for output.
UDP_ADD|cin=x a=x b=x y=z  UDP_DFF|D=x clk=0 Q=z 
UDP_ADD|cin=0 a=1 b=1 y=0  UDP_DFF|D=0 clk=1 Q=z 
UDP_ADD|cin=0 a=1 b=1 y=0  UDP_DFF|D=0 clk=0 Q=z 
UDP_ADD|cin=0 a=1 b=1 y=0  UDP_DFF|D=0 clk=1 Q=0 
UDP_ADD|cin=0 a=1 b=1 y=0  UDP_DFF|D=0 clk=0 Q=0 
UDP_ADD|cin=1 a=0 b=1 y=0  UDP_DFF|D=1 clk=1 Q=0 
UDP_ADD|cin=1 a=0 b=1 y=0  UDP_DFF|D=1 clk=0 Q=0 
UDP_ADD|cin=1 a=0 b=0 y=1  UDP_DFF|D=1 clk=1 Q=1 
UDP_ADD|cin=1 a=0 b=0 y=1  UDP_DFF|D=1 clk=0 Q=1 
UDP_ADD|cin=1 a=1 b=1 y=1  UDP_DFF|D=1 clk=1 Q=1 
UDP_ADD|cin=1 a=1 b=1 y=1  UDP_DFF|D=1 clk=0 Q=1 
UDP_ADD|cin=1 a=0 b=1 y=0  UDP_DFF|D=1 clk=1 Q=1 
UDP_ADD|cin=1 a=0 b=1 y=0  UDP_DFF|D=1 clk=0 Q=1 
UDP_ADD|cin=0 a=0 b=1 y=1  UDP_DFF|D=0 clk=1 Q=1 
UDP_ADD|cin=0 a=0 b=1 y=1  UDP_DFF|D=0 clk=0 Q=1 
UDP_ADD|cin=0 a=0 b=0 y=0  UDP_DFF|D=0 clk=1 Q=0 
UDP_ADD|cin=0 a=0 b=0 y=0  UDP_DFF|D=0 clk=0 Q=0 
UDP_ADD|cin=1 a=0 b=0 y=1  UDP_DFF|D=1 clk=1 Q=0 
UDP_ADD|cin=1 a=0 b=0 y=1  UDP_DFF|D=1 clk=0 Q=0 
UDP_ADD|cin=1 a=1 b=1 y=1  UDP_DFF|D=1 clk=1 Q=1 
UDP_ADD|cin=1 a=1 b=1 y=1  UDP_DFF|D=1 clk=0 Q=1 
UDP_ADD|cin=1 a=1 b=0 y=0  UDP_DFF|D=1 clk=1 Q=1 
UDP_ADD|cin=1 a=1 b=0 y=0  UDP_DFF|D=1 clk=0 Q=1 
UDP_ADD|cin=1 a=1 b=0 y=0  UDP_DFF|D=1 clk=1 Q=1 
UDP_ADD|cin=1 a=1 b=0 y=0  UDP_DFF|D=1 clk=0 Q=1 
UDP_ADD|cin=1 a=1 b=0 y=0  UDP_DFF|D=1 clk=1 Q=1 
UDP_ADD|cin=1 a=1 b=0 y=0  UDP_DFF|D=1 clk=0 Q=1 
UDP_ADD|cin=1 a=0 b=0 y=1  UDP_DFF|D=1 clk=1 Q=1 
UDP_ADD|cin=1 a=0 b=0 y=1  UDP_DFF|D=1 clk=0 Q=1 
UDP_ADD|cin=1 a=0 b=1 y=0  UDP_DFF|D=1 clk=1 Q=1 
UDP_ADD|cin=1 a=0 b=1 y=0  UDP_DFF|D=1 clk=0 Q=1 
UDP_ADD|cin=0 a=0 b=0 y=0  UDP_DFF|D=0 clk=1 Q=1 
UDP_ADD|cin=0 a=0 b=0 y=0  UDP_DFF|D=0 clk=0 Q=1 
UDP_ADD|cin=1 a=1 b=1 y=1  UDP_DFF|D=1 clk=1 Q=0 
UDP_ADD|cin=1 a=1 b=1 y=1  UDP_DFF|D=1 clk=0 Q=0 
UDP_ADD|cin=0 a=1 b=1 y=0  UDP_DFF|D=0 clk=1 Q=1 
UDP_ADD|cin=0 a=1 b=1 y=0  UDP_DFF|D=0 clk=0 Q=1 
UDP_ADD|cin=1 a=0 b=0 y=1  UDP_DFF|D=1 clk=1 Q=0 
UDP_ADD|cin=1 a=0 b=0 y=1  UDP_DFF|D=1 clk=0 Q=0 
UDP_ADD|cin=0 a=1 b=1 y=0  UDP_DFF|D=0 clk=1 Q=1 
UDP_ADD|cin=0 a=1 b=1 y=0  UDP_DFF|D=0 clk=0 Q=1 
UDP_ADD|cin=0 a=0 b=1 y=1  UDP_DFF|D=0 clk=1 Q=0 
UDP_ADD|cin=0 a=0 b=1 y=1  UDP_DFF|D=0 clk=0 Q=0 
UDP_ADD|cin=1 a=1 b=1 y=1  UDP_DFF|D=1 clk=1 Q=0 
UDP_ADD|cin=1 a=1 b=1 y=1  UDP_DFF|D=1 clk=0 Q=0 
UDP_ADD|cin=0 a=1 b=0 y=1  UDP_DFF|D=0 clk=1 Q=1 
UDP_ADD|cin=0 a=1 b=0 y=1  UDP_DFF|D=0 clk=0 Q=1 
UDP_ADD|cin=0 a=0 b=1 y=1  UDP_DFF|D=0 clk=1 Q=0 
UDP_ADD|cin=0 a=0 b=1 y=1  UDP_DFF|D=0 clk=0 Q=0 
UDP_ADD|cin=1 a=1 b=0 y=0  UDP_DFF|D=1 clk=1 Q=0 
UDP_ADD|cin=1 a=1 b=0 y=0  UDP_DFF|D=1 clk=0 Q=0 
UDP_ADD|cin=0 a=1 b=0 y=1  UDP_DFF|D=0 clk=1 Q=1 
UDP_ADD|cin=0 a=1 b=0 y=1  UDP_DFF|D=0 clk=0 Q=1 
UDP_ADD|cin=1 a=1 b=0 y=0  UDP_DFF|D=1 clk=1 Q=0 
UDP_ADD|cin=1 a=1 b=0 y=0  UDP_DFF|D=1 clk=0 Q=0 
UDP_ADD|cin=0 a=0 b=0 y=0  UDP_DFF|D=0 clk=1 Q=1 
UDP_ADD|cin=0 a=0 b=0 y=0  UDP_DFF|D=0 clk=0 Q=1 
UDP_ADD|cin=0 a=1 b=1 y=0  UDP_DFF|D=0 clk=1 Q=0 
UDP_ADD|cin=0 a=1 b=1 y=0  UDP_DFF|D=0 clk=0 Q=0 
UDP_ADD|cin=1 a=1 b=1 y=1  UDP_DFF|D=1 clk=1 Q=0 
UDP_ADD|cin=1 a=1 b=1 y=1  UDP_DFF|D=1 clk=0 Q=0 
UDP_ADD|cin=0 a=0 b=0 y=0  UDP_DFF|D=0 clk=1 Q=1 
UDP_ADD|cin=0 a=0 b=0 y=0  UDP_DFF|D=0 clk=0 Q=1 
UDP_ADD|cin=0 a=1 b=0 y=1  UDP_DFF|D=0 clk=1 Q=0 
UDP_ADD|cin=0 a=1 b=0 y=1  UDP_DFF|D=0 clk=0 Q=0 
UDP_ADD|cin=1 a=0 b=0 y=1  UDP_DFF|D=1 clk=1 Q=0 
UDP_ADD|cin=1 a=0 b=0 y=1  UDP_DFF|D=1 clk=0 Q=0 
UDP_ADD|cin=0 a=0 b=1 y=1  UDP_DFF|D=0 clk=1 Q=1 
UDP_ADD|cin=0 a=0 b=1 y=1  UDP_DFF|D=0 clk=0 Q=1 
UDP_ADD|cin=0 a=0 b=0 y=0  UDP_DFF|D=0 clk=1 Q=0 
UDP_ADD|cin=0 a=0 b=0 y=0  UDP_DFF|D=0 clk=0 Q=0 
UDP_ADD|cin=1 a=1 b=0 y=0  UDP_DFF|D=1 clk=1 Q=0 
UDP_ADD|cin=1 a=1 b=0 y=0  UDP_DFF|D=1 clk=0 Q=0 
UDP_ADD|cin=0 a=1 b=1 y=0  UDP_DFF|D=0 clk=1 Q=1 
UDP_ADD|cin=0 a=1 b=1 y=0  UDP_DFF|D=0 clk=0 Q=1 
UDP_ADD|cin=0 a=0 b=1 y=1  UDP_DFF|D=0 clk=1 Q=0 
UDP_ADD|cin=0 a=0 b=1 y=1  UDP_DFF|D=0 clk=0 Q=0 
UDP_ADD|cin=0 a=0 b=1 y=1  UDP_DFF|D=0 clk=1 Q=0 
UDP_ADD|cin=0 a=0 b=1 y=1  UDP_DFF|D=0 clk=0 Q=0 
UDP_ADD|cin=1 a=0 b=1 y=0  UDP_DFF|D=1 clk=1 Q=0 
UDP_ADD|cin=1 a=0 b=1 y=0  UDP_DFF|D=1 clk=0 Q=0 
UDP_ADD|cin=0 a=0 b=1 y=1  UDP_DFF|D=0 clk=1 Q=1 
UDP_ADD|cin=0 a=0 b=1 y=1  UDP_DFF|D=0 clk=0 Q=1 
UDP_ADD|cin=0 a=1 b=1 y=0  UDP_DFF|D=0 clk=1 Q=0 
UDP_ADD|cin=0 a=1 b=1 y=0  UDP_DFF|D=0 clk=0 Q=0 
UDP_ADD|cin=0 a=0 b=0 y=0  UDP_DFF|D=0 clk=1 Q=0 
UDP_ADD|cin=0 a=0 b=0 y=0  UDP_DFF|D=0 clk=0 Q=0 
UDP_ADD|cin=1 a=1 b=1 y=1  UDP_DFF|D=1 clk=1 Q=0 
UDP_ADD|cin=1 a=1 b=1 y=1  UDP_DFF|D=1 clk=0 Q=0 
UDP_ADD|cin=1 a=1 b=1 y=1  UDP_DFF|D=1 clk=1 Q=1 
UDP_ADD|cin=1 a=1 b=1 y=1  UDP_DFF|D=1 clk=0 Q=1 
UDP_ADD|cin=1 a=1 b=0 y=0  UDP_DFF|D=1 clk=1 Q=1 
UDP_ADD|cin=1 a=1 b=0 y=0  UDP_DFF|D=1 clk=0 Q=1 
UDP_ADD|cin=0 a=0 b=0 y=0  UDP_DFF|D=0 clk=1 Q=1 
UDP_ADD|cin=0 a=0 b=0 y=0  UDP_DFF|D=0 clk=0 Q=1 
UDP_ADD|cin=0 a=0 b=1 y=1  UDP_DFF|D=0 clk=1 Q=0 
UDP_ADD|cin=0 a=0 b=1 y=1  UDP_DFF|D=0 clk=0 Q=0 
UDP_ADD|cin=1 a=1 b=1 y=1  UDP_DFF|D=1 clk=1 Q=0 
UDP_ADD|cin=1 a=1 b=1 y=1  UDP_DFF|D=1 clk=0 Q=0 
UDP_ADD|cin=1 a=1 b=0 y=0  UDP_DFF|D=1 clk=1 Q=1 
UDP_ADD|cin=1 a=1 b=0 y=0  UDP_DFF|D=1 clk=0 Q=1 
UDP_ADD|cin=1 a=0 b=1 y=0  UDP_DFF|D=1 clk=1 Q=1 
UDP_ADD|cin=1 a=0 b=1 y=0  UDP_DFF|D=1 clk=0 Q=1 
UDP_ADD|cin=0 a=0 b=0 y=0  UDP_DFF|D=0 clk=1 Q=1 
UDP_ADD|cin=0 a=0 b=0 y=0  UDP_DFF|D=0 clk=0 Q=1 
UDP_ADD|cin=0 a=1 b=1 y=0  UDP_DFF|D=0 clk=1 Q=0 
UDP_ADD|cin=0 a=1 b=1 y=0  UDP_DFF|D=0 clk=0 Q=0 
UDP_ADD|cin=1 a=0 b=1 y=0  UDP_DFF|D=1 clk=1 Q=0 
UDP_ADD|cin=1 a=0 b=1 y=0  UDP_DFF|D=1 clk=0 Q=0 
UDP_ADD|cin=1 a=0 b=0 y=1  UDP_DFF|D=1 clk=1 Q=1 
UDP_ADD|cin=1 a=0 b=0 y=1  UDP_DFF|D=1 clk=0 Q=1 
UDP_ADD|cin=0 a=0 b=0 y=0  UDP_DFF|D=0 clk=1 Q=1 
UDP_ADD|cin=0 a=0 b=0 y=0  UDP_DFF|D=0 clk=0 Q=1 
UDP_ADD|cin=0 a=1 b=0 y=1  UDP_DFF|D=0 clk=1 Q=0 
UDP_ADD|cin=0 a=1 b=0 y=1  UDP_DFF|D=0 clk=0 Q=0 
UDP_ADD|cin=1 a=0 b=1 y=0  UDP_DFF|D=1 clk=1 Q=0 
UDP_ADD|cin=1 a=0 b=1 y=0  UDP_DFF|D=1 clk=0 Q=0 
UDP_ADD|cin=0 a=0 b=1 y=1  UDP_DFF|D=0 clk=1 Q=1 
UDP_ADD|cin=0 a=0 b=1 y=1  UDP_DFF|D=0 clk=0 Q=1 
UDP_ADD|cin=1 a=0 b=1 y=0  UDP_DFF|D=1 clk=1 Q=0 
UDP_ADD|cin=1 a=0 b=1 y=0  UDP_DFF|D=1 clk=0 Q=0 
UDP_ADD|cin=0 a=1 b=1 y=0  UDP_DFF|D=0 clk=1 Q=1 
UDP_ADD|cin=0 a=1 b=1 y=0  UDP_DFF|D=0 clk=0 Q=1 
UDP_ADD|cin=0 a=0 b=1 y=1  UDP_DFF|D=0 clk=1 Q=0 
UDP_ADD|cin=0 a=0 b=1 y=1  UDP_DFF|D=0 clk=0 Q=0 
UDP_ADD|cin=0 a=0 b=1 y=1  UDP_DFF|D=0 clk=1 Q=0 
UDP_ADD|cin=0 a=0 b=1 y=1  UDP_DFF|D=0 clk=0 Q=0 
UDP_ADD|cin=0 a=0 b=1 y=1  UDP_DFF|D=0 clk=1 Q=0 
UDP_ADD|cin=0 a=0 b=1 y=1  UDP_DFF|D=0 clk=0 Q=0 
UDP_ADD|cin=1 a=1 b=0 y=0  UDP_DFF|D=1 clk=1 Q=0 
UDP_ADD|cin=1 a=1 b=0 y=0  UDP_DFF|D=1 clk=0 Q=0 
UDP_ADD|cin=1 a=1 b=1 y=1  UDP_DFF|D=1 clk=1 Q=1 
UDP_ADD|cin=1 a=1 b=1 y=1  UDP_DFF|D=1 clk=0 Q=1 
UDP_ADD|cin=0 a=1 b=0 y=1  UDP_DFF|D=0 clk=1 Q=1 
UDP_ADD|cin=0 a=1 b=0 y=1  UDP_DFF|D=0 clk=0 Q=1 
UDP_ADD|cin=1 a=0 b=1 y=0  UDP_DFF|D=1 clk=1 Q=0 
UDP_ADD|cin=1 a=0 b=1 y=0  UDP_DFF|D=1 clk=0 Q=0 
UDP_ADD|cin=0 a=1 b=0 y=1  UDP_DFF|D=0 clk=1 Q=1 
UDP_ADD|cin=0 a=1 b=0 y=1  UDP_DFF|D=0 clk=0 Q=1 
UDP_ADD|cin=0 a=0 b=1 y=1  UDP_DFF|D=0 clk=1 Q=0 
UDP_ADD|cin=0 a=0 b=1 y=1  UDP_DFF|D=0 clk=0 Q=0 
UDP_ADD|cin=1 a=0 b=0 y=1  UDP_DFF|D=1 clk=1 Q=0 
UDP_ADD|cin=1 a=0 b=0 y=1  UDP_DFF|D=1 clk=0 Q=0 
UDP_ADD|cin=1 a=1 b=0 y=0  UDP_DFF|D=1 clk=1 Q=1 
UDP_ADD|cin=1 a=1 b=0 y=0  UDP_DFF|D=1 clk=0 Q=1 
UDP_ADD|cin=1 a=0 b=0 y=1  UDP_DFF|D=1 clk=1 Q=1 
UDP_ADD|cin=1 a=0 b=0 y=1  UDP_DFF|D=1 clk=0 Q=1 
UDP_ADD|cin=1 a=0 b=1 y=0  UDP_DFF|D=1 clk=1 Q=1 
UDP_ADD|cin=1 a=0 b=1 y=0  UDP_DFF|D=1 clk=0 Q=1 
UDP_ADD|cin=1 a=1 b=0 y=0  UDP_DFF|D=1 clk=1 Q=1 
UDP_ADD|cin=1 a=1 b=0 y=0  UDP_DFF|D=1 clk=0 Q=1 
UDP_ADD|cin=1 a=1 b=1 y=1  UDP_DFF|D=1 clk=1 Q=1 
UDP_ADD|cin=1 a=1 b=1 y=1  UDP_DFF|D=1 clk=0 Q=1 
UDP_ADD|cin=1 a=1 b=0 y=0  UDP_DFF|D=1 clk=1 Q=1 
UDP_ADD|cin=1 a=1 b=0 y=0  UDP_DFF|D=1 clk=0 Q=1 
UDP_ADD|cin=0 a=0 b=1 y=1  UDP_DFF|D=0 clk=1 Q=1 
UDP_ADD|cin=0 a=0 b=1 y=1  UDP_DFF|D=0 clk=0 Q=1 
UDP_ADD|cin=1 a=1 b=0 y=0  UDP_DFF|D=1 clk=1 Q=0 
UDP_ADD|cin=1 a=1 b=0 y=0  UDP_DFF|D=1 clk=0 Q=0 
UDP_ADD|cin=0 a=0 b=1 y=1  UDP_DFF|D=0 clk=1 Q=1 
UDP_ADD|cin=0 a=0 b=1 y=1  UDP_DFF|D=0 clk=0 Q=1 
UDP_ADD|cin=0 a=1 b=0 y=1  UDP_DFF|D=0 clk=1 Q=0 
UDP_ADD|cin=0 a=1 b=0 y=1  UDP_DFF|D=0 clk=0 Q=0 
UDP_ADD|cin=0 a=0 b=1 y=1  UDP_DFF|D=0 clk=1 Q=0 
UDP_ADD|cin=0 a=0 b=1 y=1  UDP_DFF|D=0 clk=0 Q=0 
UDP_ADD|cin=0 a=1 b=0 y=1  UDP_DFF|D=0 clk=1 Q=0 
UDP_ADD|cin=0 a=1 b=0 y=1  UDP_DFF|D=0 clk=0 Q=0 
UDP_ADD|cin=1 a=0 b=0 y=1  UDP_DFF|D=1 clk=1 Q=0 
UDP_ADD|cin=1 a=0 b=0 y=1  UDP_DFF|D=1 clk=0 Q=0 
UDP_ADD|cin=1 a=1 b=1 y=1  UDP_DFF|D=1 clk=1 Q=1 
UDP_ADD|cin=1 a=1 b=1 y=1  UDP_DFF|D=1 clk=0 Q=1 
UDP_ADD|cin=0 a=0 b=0 y=0  UDP_DFF|D=0 clk=1 Q=1 
UDP_ADD|cin=0 a=0 b=0 y=0  UDP_DFF|D=0 clk=0 Q=1 
UDP_ADD|cin=1 a=1 b=1 y=1  UDP_DFF|D=1 clk=1 Q=0 
UDP_ADD|cin=1 a=1 b=1 y=1  UDP_DFF|D=1 clk=0 Q=0 
UDP_ADD|cin=0 a=0 b=1 y=1  UDP_DFF|D=0 clk=1 Q=1 
UDP_ADD|cin=0 a=0 b=1 y=1  UDP_DFF|D=0 clk=0 Q=1 
UDP_ADD|cin=1 a=1 b=1 y=1  UDP_DFF|D=1 clk=1 Q=0 
UDP_ADD|cin=1 a=1 b=1 y=1  UDP_DFF|D=1 clk=0 Q=0 
UDP_ADD|cin=1 a=0 b=1 y=0  UDP_DFF|D=1 clk=1 Q=1 
UDP_ADD|cin=1 a=0 b=1 y=0  UDP_DFF|D=1 clk=0 Q=1 
UDP_ADD|cin=0 a=0 b=1 y=1  UDP_DFF|D=0 clk=1 Q=1 
UDP_ADD|cin=0 a=0 b=1 y=1  UDP_DFF|D=0 clk=0 Q=1 
UDP_ADD|cin=0 a=1 b=1 y=0  UDP_DFF|D=0 clk=1 Q=0 
UDP_ADD|cin=0 a=1 b=1 y=0  UDP_DFF|D=0 clk=0 Q=0 
UDP_ADD|cin=1 a=1 b=1 y=1  UDP_DFF|D=1 clk=1 Q=0 
UDP_ADD|cin=1 a=1 b=1 y=1  UDP_DFF|D=1 clk=0 Q=0 
UDP_ADD|cin=1 a=0 b=1 y=0  UDP_DFF|D=1 clk=1 Q=1 
UDP_ADD|cin=1 a=0 b=1 y=0  UDP_DFF|D=1 clk=0 Q=1 
UDP_ADD|cin=0 a=1 b=0 y=1  UDP_DFF|D=0 clk=1 Q=1 
UDP_ADD|cin=0 a=1 b=0 y=1  UDP_DFF|D=0 clk=0 Q=1 
UDP_ADD|cin=0 a=1 b=1 y=0  UDP_DFF|D=0 clk=1 Q=0 
UDP_ADD|cin=0 a=1 b=1 y=0  UDP_DFF|D=0 clk=0 Q=0 
UDP_ADD|cin=1 a=1 b=1 y=1  UDP_DFF|D=1 clk=1 Q=0 
UDP_ADD|cin=1 a=1 b=1 y=1  UDP_DFF|D=1 clk=0 Q=0 
UDP_ADD|cin=0 a=0 b=0 y=0  UDP_DFF|D=0 clk=1 Q=1 
UDP_ADD|cin=0 a=0 b=0 y=0  UDP_DFF|D=0 clk=0 Q=1 
UDP_ADD|cin=1 a=1 b=0 y=0  UDP_DFF|D=1 clk=1 Q=0 
UDP_ADD|cin=1 a=1 b=0 y=0  UDP_DFF|D=1 clk=0 Q=0 
UDP_ADD|cin=1 a=1 b=0 y=0  UDP_DFF|D=1 clk=1 Q=1 
UDP_ADD|cin=1 a=1 b=0 y=0  UDP_DFF|D=1 clk=0 Q=1 
UDP_ADD|cin=1 a=1 b=0 y=0  UDP_DFF|D=1 clk=1 Q=1 
UDP_ADD|cin=1 a=1 b=0 y=0  UDP_DFF|D=1 clk=0 Q=1 
运行结束！
UDP_ADD|cin=1 a=1 b=0 y=0  UDP_DFF|D=1 clk=1 Q=1 
